<?xml version="1.0" encoding="UTF-8"?>
<!-- Generated by org.testng.reporters.JUnitXMLReporter -->
<testsuite hostname="YELLAB2-L1" ignored="0" name="LoginTest" tests="1" failures="0" timestamp="10 May 2018 10:09:41 GMT" time="0.051" errors="0">
  <testcase name="@BeforeSuite setup" time="0.029" classname="com.rise.base.TestBase">
    <failure type="java.lang.NullPointerException">
      <![CDATA[java.lang.NullPointerException
	at com.rise.base.TestBase.setup(TestBase.java:79)
... Removed 19 stack frames]]>
    </failure>
  </testcase> <!-- @BeforeSuite setup -->
  <testcase name="loginAsBankManager" time="0.003" classname="com.rise.testcases.LoginTest">
    <skipped/>
  </testcase> <!-- loginAsBankManager -->
</testsuite> <!-- LoginTest -->
