<?xml version="1.0" encoding="UTF-8"?>
<testng-results skipped="0" failed="0" ignored="0" total="1" passed="1">
  <reporter-output>
  </reporter-output>
  <suite name="Data Driven Basics" duration-ms="3266" started-at="2018-05-13T09:08:57Z" finished-at="2018-05-13T09:09:00Z">
    <groups>
    </groups>
    <test name="LoginTest" duration-ms="3266" started-at="2018-05-13T09:08:57Z" finished-at="2018-05-13T09:09:00Z">
      <class name="com.rise.testcases.LoginTest">
        <test-method status="PASS" signature="setup()[pri:0, instance:com.rise.testcases.LoginTest@63753b6d]" name="setup" is-config="true" duration-ms="11949" started-at="2018-05-13T14:38:45Z" finished-at="2018-05-13T14:38:57Z">
          <reporter-output>
          </reporter-output>
        </test-method> <!-- setup -->
        <test-method status="PASS" signature="loginAsBankManager()[pri:0, instance:com.rise.testcases.LoginTest@63753b6d]" name="loginAsBankManager" duration-ms="3192" started-at="2018-05-13T14:38:57Z" finished-at="2018-05-13T14:39:00Z">
          <reporter-output>
          </reporter-output>
        </test-method> <!-- loginAsBankManager -->
        <test-method status="PASS" signature="tearDown()[pri:0, instance:com.rise.testcases.LoginTest@63753b6d]" name="tearDown" is-config="true" duration-ms="1907" started-at="2018-05-13T14:39:00Z" finished-at="2018-05-13T14:39:02Z">
          <reporter-output>
          </reporter-output>
        </test-method> <!-- tearDown -->
      </class> <!-- com.rise.testcases.LoginTest -->
    </test> <!-- LoginTest -->
  </suite> <!-- Data Driven Basics -->
</testng-results>
